#
# There is insufficient memory for the Java Runtime Environment to continue.
# Native memory allocation (malloc) failed to allocate 1048576 bytes for AllocateHeap
# Possible reasons:
#   The system is out of physical RAM or swap space
#   In 32 bit mode, the process size limit was hit
# Possible solutions:
#   Reduce memory load on the system
#   Increase physical memory or swap space
#   Check if swap backing store is full
#   Use 64 bit Java on a 64 bit OS
#   Decrease Java heap size (-Xmx/-Xms)
#   Decrease number of Java threads
#   Decrease Java thread stack sizes (-Xss)
#   Set larger code cache with -XX:ReservedCodeCacheSize=
# This output file may be truncated or incomplete.
#
#  Out of Memory Error (memory/allocation.inline.hpp:61), pid=23008, tid=1480
#
# JRE version:  (8.0_45-b14) (build )
# Java VM: Java HotSpot(TM) 64-Bit Server VM (25.45-b02 mixed mode windows-amd64 compressed oops)
# Failed to write core dump. Minidumps are not enabled by default on client versions of Windows
#

---------------  T H R E A D  ---------------

Current thread (0x0000000002dd0800):  JavaThread "Unknown thread" [_thread_in_vm, id=1480, stack(0x0000000002bd0000,0x0000000002cd0000)]

Stack: [0x0000000002bd0000,0x0000000002cd0000]
Native frames: (J=compiled Java code, j=interpreted, Vv=VM code, C=native code)
V  [jvm.dll+0x32b57a]
V  [jvm.dll+0x279873]
V  [jvm.dll+0x27a509]
V  [jvm.dll+0x271825]
V  [jvm.dll+0x1606]
V  [jvm.dll+0x3f7fb2]
V  [jvm.dll+0x3f898f]
V  [jvm.dll+0x3f8a5d]
V  [jvm.dll+0x3f8c26]
V  [jvm.dll+0xf2cf2]
V  [jvm.dll+0x20f0c9]
V  [jvm.dll+0x240e0a]
V  [jvm.dll+0x15ba41]
C  [javaw.exe+0x217e]
C  [javaw.exe+0xcd17]
C  [javaw.exe+0xcdab]
C  [KERNEL32.DLL+0x17034]
C  [ntdll.dll+0x52651]


---------------  P R O C E S S  ---------------

Java Threads: ( => current thread )

Other Threads:

=>0x0000000002dd0800 (exited) JavaThread "Unknown thread" [_thread_in_vm, id=1480, stack(0x0000000002bd0000,0x0000000002cd0000)]

VM state:not at safepoint (normal execution)

VM Mutex/Monitor currently owned by a thread: None

Heap:
 PSYoungGen      total 16896K, used 296K [0x00000000ed980000, 0x00000000eec00000, 0x0000000100000000)
  eden space 14848K, 2% used [0x00000000ed980000,0x00000000ed9ca3e0,0x00000000ee800000)
  from space 2048K, 0% used [0x00000000eea00000,0x00000000eea00000,0x00000000eec00000)
  to   space 2048K, 0% used [0x00000000ee800000,0x00000000ee800000,0x00000000eea00000)
 ParOldGen       total 38400K, used 0K [0x00000000c8c00000, 0x00000000cb180000, 0x00000000ed980000)
  object space 38400K, 0% used [0x00000000c8c00000,0x00000000c8c00000,0x00000000cb180000)
 Metaspace       used 742K, capacity 4480K, committed 4480K, reserved 1056768K
  class space    used 75K, capacity 384K, committed 384K, reserved 1048576K

Card table byte_map: [0x0000000012290000,0x0000000012450000] byte_map_base: 0x0000000011c4a000

Marking Bits: (ParMarkBitMap*) 0x0000000055974040
 Begin Bits: [0x0000000012d80000, 0x0000000013b50000)
 End Bits:   [0x0000000013b50000, 0x0000000014920000)

Polling page: 0x00000000013b0000

CodeCache: size=245760Kb used=327Kb max_used=327Kb free=245432Kb
 bounds [0x0000000002ed0000, 0x0000000003140000, 0x0000000011ed0000]
 total_blobs=56 nmethods=0 adapters=37
 compilation: enabled

Compilation events (0 events):
No events

GC Heap History (0 events):
No events

Deoptimization events (0 events):
No events

Internal exceptions (0 events):
No events

Events (10 events):
Event: 0.032 loading class java/lang/Short
Event: 0.032 loading class java/lang/Short done
Event: 0.032 loading class java/lang/Integer
Event: 0.032 loading class java/lang/Integer done
Event: 0.032 loading class java/lang/Long
Event: 0.032 loading class java/lang/Long done
Event: 0.033 loading class java/lang/NullPointerException
Event: 0.033 loading class java/lang/NullPointerException done
Event: 0.033 loading class java/lang/ArithmeticException
Event: 0.033 loading class java/lang/ArithmeticException done


Dynamic libraries:
0x00007ff605880000 - 0x00007ff6058b7000 	C:\Program Files\Java\jre1.8.0_45\bin\javaw.exe
0x00007ffc4fff0000 - 0x00007ffc501e5000 	C:\WINDOWS\SYSTEM32\ntdll.dll
0x00007ffc4f510000 - 0x00007ffc4f5cd000 	C:\WINDOWS\System32\KERNEL32.DLL
0x00007ffc4dbc0000 - 0x00007ffc4de88000 	C:\WINDOWS\System32\KERNELBASE.dll
0x00007ffc4e0b0000 - 0x00007ffc4e15c000 	C:\WINDOWS\System32\ADVAPI32.dll
0x00007ffc4e160000 - 0x00007ffc4e1fe000 	C:\WINDOWS\System32\msvcrt.dll
0x00007ffc4e800000 - 0x00007ffc4e89b000 	C:\WINDOWS\System32\sechost.dll
0x00007ffc4f5d0000 - 0x00007ffc4f6fb000 	C:\WINDOWS\System32\RPCRT4.dll
0x00007ffc4e900000 - 0x00007ffc4eaa0000 	C:\WINDOWS\System32\USER32.dll
0x00007ffc4daa0000 - 0x00007ffc4dac2000 	C:\WINDOWS\System32\win32u.dll
0x00007ffc4f870000 - 0x00007ffc4f89a000 	C:\WINDOWS\System32\GDI32.dll
0x00007ffc4d730000 - 0x00007ffc4d83b000 	C:\WINDOWS\System32\gdi32full.dll
0x00007ffc4dad0000 - 0x00007ffc4db6d000 	C:\WINDOWS\System32\msvcp_win.dll
0x00007ffc4d840000 - 0x00007ffc4d940000 	C:\WINDOWS\System32\ucrtbase.dll
0x00007ffc3d4c0000 - 0x00007ffc3d75a000 	C:\WINDOWS\WinSxS\amd64_microsoft.windows.common-controls_6595b64144ccf1df_6.0.19041.844_none_ca00b6081b84eb1d\COMCTL32.dll
0x00007ffc4f840000 - 0x00007ffc4f870000 	C:\WINDOWS\System32\IMM32.DLL
0x0000000055a00000 - 0x0000000055ad2000 	C:\Program Files\Java\jre1.8.0_45\bin\msvcr100.dll
0x0000000055170000 - 0x00000000559f3000 	C:\Program Files\Java\jre1.8.0_45\bin\server\jvm.dll
0x00007ffc4f8a0000 - 0x00007ffc4f8a8000 	C:\WINDOWS\System32\PSAPI.DLL
0x00007ffc43df0000 - 0x00007ffc43e17000 	C:\WINDOWS\SYSTEM32\WINMM.dll
0x00007ffc4d250000 - 0x00007ffc4d25a000 	C:\WINDOWS\SYSTEM32\VERSION.dll
0x00007ffc44b50000 - 0x00007ffc44b59000 	C:\WINDOWS\SYSTEM32\WSOCK32.dll
0x00007ffc4f7d0000 - 0x00007ffc4f83b000 	C:\WINDOWS\System32\WS2_32.dll
0x0000000057b50000 - 0x0000000057b5f000 	C:\Program Files\Java\jre1.8.0_45\bin\verify.dll
0x00000000578c0000 - 0x00000000578e9000 	C:\Program Files\Java\jre1.8.0_45\bin\java.dll
0x00000000578a0000 - 0x00000000578b6000 	C:\Program Files\Java\jre1.8.0_45\bin\zip.dll
0x00007ffc4b3f0000 - 0x00007ffc4b5d4000 	C:\WINDOWS\SYSTEM32\dbghelp.dll
0x00007ffc4dfd0000 - 0x00007ffc4e050000 	C:\WINDOWS\System32\bcryptPrimitives.dll

VM Arguments:
jvm_args: -Dfile.encoding=Cp1252 
java_command: maze_runner.Main
java_class_path (initial): C:\Users\tormis\eclipse-workspace\maze_runner\bin
Launcher Type: SUN_STANDARD

Environment Variables:
PATH=C:\ProgramData\Oracle\Java\javapath;C:\WINDOWS\system32;C:\WINDOWS;C:\WINDOWS\System32\Wbem;C:\WINDOWS\System32\WindowsPowerShell\v1.0\;C:\WINDOWS\System32\OpenSSH\;C:\Program Files\Git\cmd;C:\Program Files\Git\mingw64\bin;C:\Program Files\Git\usr\bin;C:\Users\tormis\AppData\Local\Microsoft\WindowsApps;;C:\Users\tormis\PyCharm Community Edition 2021.1.1\bin;
USERNAME=tormis
OS=Windows_NT
PROCESSOR_IDENTIFIER=AMD64 Family 23 Model 24 Stepping 1, AuthenticAMD



---------------  S Y S T E M  ---------------

OS: Windows 10.0 , 64 bit Build 19041 (10.0.19041.928)

CPU:total 8 (8 cores per cpu, 1 threads per core) family 23 model 24 stepping 1, cmov, cx8, fxsr, mmx, sse, sse2, sse3, ssse3, sse4.1, sse4.2, popcnt, avx, avx2, aes, clmul, mmxext, 3dnowpref, lzcnt, sse4a, tsc, tscinvbit, tscinv, bmi1

Memory: 4k page, physical 3616008k(255952k free), swap 15566088k(5464k free)

vm_info: Java HotSpot(TM) 64-Bit Server VM (25.45-b02) for windows-amd64 JRE (1.8.0_45-b14), built on Apr 10 2015 10:34:15 by "java_re" with MS VC++ 10.0 (VS2010)

time: Thu Apr 29 23:44:40 2021
elapsed time: 0 seconds (0d 0h 0m 0s)

